Started GET "/" for ::1 at 2023-02-15 16:50:43 +0100
  
ActiveRecord::NoDatabaseError (We could not find your database: quizgame_development. Which can be found in the database configuration file located at config/database.yml.

To resolve this issue:

- Did you create the database for this app, or delete it? You may need to create your database.
- Has the database name changed? Check your database.yml config has the correct database name.

To create your database, run:

        bin/rails db:create
):
  
activerecord (7.0.4.2) lib/active_record/connection_adapters/postgresql_adapter.rb:81:in `rescue in new_client'
activerecord (7.0.4.2) lib/active_record/connection_adapters/postgresql_adapter.rb:77:in `new_client'
activerecord (7.0.4.2) lib/active_record/connection_adapters/postgresql_adapter.rb:37:in `postgresql_connection'
activerecord (7.0.4.2) lib/active_record/connection_adapters/abstract/connection_pool.rb:656:in `public_send'
activerecord (7.0.4.2) lib/active_record/connection_adapters/abstract/connection_pool.rb:656:in `new_connection'
activerecord (7.0.4.2) lib/active_record/connection_adapters/abstract/connection_pool.rb:700:in `checkout_new_connection'
activerecord (7.0.4.2) lib/active_record/connection_adapters/abstract/connection_pool.rb:679:in `try_to_checkout_new_connection'
activerecord (7.0.4.2) lib/active_record/connection_adapters/abstract/connection_pool.rb:640:in `acquire_connection'
activerecord (7.0.4.2) lib/active_record/connection_adapters/abstract/connection_pool.rb:341:in `checkout'
activerecord (7.0.4.2) lib/active_record/connection_adapters/abstract/connection_pool.rb:181:in `connection'
activerecord (7.0.4.2) lib/active_record/connection_adapters/abstract/connection_handler.rb:211:in `retrieve_connection'
activerecord (7.0.4.2) lib/active_record/connection_handling.rb:313:in `retrieve_connection'
activerecord (7.0.4.2) lib/active_record/connection_handling.rb:280:in `connection'
activerecord (7.0.4.2) lib/active_record/migration.rb:613:in `connection'
activerecord (7.0.4.2) lib/active_record/migration.rb:608:in `build_watcher'
activerecord (7.0.4.2) lib/active_record/migration.rb:590:in `block in call'
activerecord (7.0.4.2) lib/active_record/migration.rb:589:in `synchronize'
activerecord (7.0.4.2) lib/active_record/migration.rb:589:in `call'
actionpack (7.0.4.2) lib/action_dispatch/middleware/callbacks.rb:27:in `block in call'
activesupport (7.0.4.2) lib/active_support/callbacks.rb:99:in `run_callbacks'
actionpack (7.0.4.2) lib/action_dispatch/middleware/callbacks.rb:26:in `call'
actionpack (7.0.4.2) lib/action_dispatch/middleware/executor.rb:14:in `call'
actionpack (7.0.4.2) lib/action_dispatch/middleware/actionable_exceptions.rb:17:in `call'
actionpack (7.0.4.2) lib/action_dispatch/middleware/debug_exceptions.rb:28:in `call'
web-console (4.2.0) lib/web_console/middleware.rb:132:in `call_app'
web-console (4.2.0) lib/web_console/middleware.rb:28:in `block in call'
web-console (4.2.0) lib/web_console/middleware.rb:17:in `catch'
web-console (4.2.0) lib/web_console/middleware.rb:17:in `call'
actionpack (7.0.4.2) lib/action_dispatch/middleware/show_exceptions.rb:26:in `call'
railties (7.0.4.2) lib/rails/rack/logger.rb:40:in `call_app'
railties (7.0.4.2) lib/rails/rack/logger.rb:25:in `block in call'
activesupport (7.0.4.2) lib/active_support/tagged_logging.rb:99:in `block in tagged'
activesupport (7.0.4.2) lib/active_support/tagged_logging.rb:37:in `tagged'
activesupport (7.0.4.2) lib/active_support/tagged_logging.rb:99:in `tagged'
railties (7.0.4.2) lib/rails/rack/logger.rb:25:in `call'
sprockets-rails (3.4.2) lib/sprockets/rails/quiet_assets.rb:13:in `call'
actionpack (7.0.4.2) lib/action_dispatch/middleware/remote_ip.rb:93:in `call'
actionpack (7.0.4.2) lib/action_dispatch/middleware/request_id.rb:26:in `call'
rack (2.2.6.2) lib/rack/method_override.rb:24:in `call'
rack (2.2.6.2) lib/rack/runtime.rb:22:in `call'
activesupport (7.0.4.2) lib/active_support/cache/strategy/local_cache_middleware.rb:29:in `call'
actionpack (7.0.4.2) lib/action_dispatch/middleware/server_timing.rb:61:in `block in call'
actionpack (7.0.4.2) lib/action_dispatch/middleware/server_timing.rb:26:in `collect_events'
actionpack (7.0.4.2) lib/action_dispatch/middleware/server_timing.rb:60:in `call'
actionpack (7.0.4.2) lib/action_dispatch/middleware/executor.rb:14:in `call'
actionpack (7.0.4.2) lib/action_dispatch/middleware/static.rb:23:in `call'
rack (2.2.6.2) lib/rack/sendfile.rb:110:in `call'
actionpack (7.0.4.2) lib/action_dispatch/middleware/host_authorization.rb:137:in `call'
railties (7.0.4.2) lib/rails/engine.rb:530:in `call'
puma (5.6.5) lib/puma/configuration.rb:252:in `call'
puma (5.6.5) lib/puma/request.rb:77:in `block in handle_request'
puma (5.6.5) lib/puma/thread_pool.rb:340:in `with_force_shutdown'
puma (5.6.5) lib/puma/request.rb:76:in `handle_request'
puma (5.6.5) lib/puma/server.rb:443:in `process_client'
puma (5.6.5) lib/puma/thread_pool.rb:147:in `block in spawn_thread'
Started POST "/rails/actions" for ::1 at 2023-02-15 16:50:46 +0100
  [1m[35m (229.9ms)[0m  [1m[35mCREATE DATABASE "quizgame_development" ENCODING = 'unicode'[0m
  [1m[35m (104.7ms)[0m  [1m[35mCREATE DATABASE "quizgame_test" ENCODING = 'unicode'[0m
Started GET "/" for ::1 at 2023-02-15 16:50:46 +0100
Processing by Rails::WelcomeController#index as HTML
  Rendering /Users/test/.rbenv/versions/3.1.2/lib/ruby/gems/3.1.0/gems/railties-7.0.4.2/lib/rails/templates/rails/welcome/index.html.erb
  Rendered /Users/test/.rbenv/versions/3.1.2/lib/ruby/gems/3.1.0/gems/railties-7.0.4.2/lib/rails/templates/rails/welcome/index.html.erb (Duration: 1.0ms | Allocations: 288)
Completed 200 OK in 10ms (Views: 1.9ms | ActiveRecord: 0.0ms | Allocations: 2500)


  [1m[35m (118.2ms)[0m  [1m[35mCREATE TABLE "schema_migrations" ("version" character varying NOT NULL PRIMARY KEY)[0m
  [1m[35m (8.6ms)[0m  [1m[35mCREATE TABLE "ar_internal_metadata" ("key" character varying NOT NULL PRIMARY KEY, "value" character varying, "created_at" timestamp(6) NOT NULL, "updated_at" timestamp(6) NOT NULL)[0m
  [1m[35m (0.2ms)[0m  [1m[34mSELECT pg_try_advisory_lock(3044136160172630145)[0m
  [1m[36mActiveRecord::SchemaMigration Pluck (1.3ms)[0m  [1m[34mSELECT "schema_migrations"."version" FROM "schema_migrations" ORDER BY "schema_migrations"."version" ASC[0m
Migrating to DeviseCreateUsers (20230215155349)
  [1m[36mTRANSACTION (0.2ms)[0m  [1m[35mBEGIN[0m
  [1m[35m (11.3ms)[0m  [1m[35mCREATE TABLE "users" ("id" bigserial primary key, "email" character varying DEFAULT '' NOT NULL, "encrypted_password" character varying DEFAULT '' NOT NULL, "reset_password_token" character varying, "reset_password_sent_at" timestamp(6), "remember_created_at" timestamp(6), "created_at" timestamp(6) NOT NULL, "updated_at" timestamp(6) NOT NULL)[0m
  [1m[35m (1.4ms)[0m  [1m[35mCREATE UNIQUE INDEX "index_users_on_email" ON "users" ("email")[0m
  [1m[35m (1.4ms)[0m  [1m[35mCREATE UNIQUE INDEX "index_users_on_reset_password_token" ON "users" ("reset_password_token")[0m
  [1m[36mActiveRecord::SchemaMigration Create (3.1ms)[0m  [1m[32mINSERT INTO "schema_migrations" ("version") VALUES ($1) RETURNING "version"[0m  [["version", "20230215155349"]]
  [1m[36mTRANSACTION (0.3ms)[0m  [1m[35mCOMMIT[0m
  [1m[36mActiveRecord::InternalMetadata Load (0.5ms)[0m  [1m[34mSELECT "ar_internal_metadata".* FROM "ar_internal_metadata" WHERE "ar_internal_metadata"."key" = $1 LIMIT $2[0m  [["key", "environment"], ["LIMIT", 1]]
  [1m[36mTRANSACTION (0.1ms)[0m  [1m[35mBEGIN[0m
  [1m[36mActiveRecord::InternalMetadata Create (1.4ms)[0m  [1m[32mINSERT INTO "ar_internal_metadata" ("key", "value", "created_at", "updated_at") VALUES ($1, $2, $3, $4) RETURNING "key"[0m  [["key", "environment"], ["value", "development"], ["created_at", "2023-02-15 15:53:55.487330"], ["updated_at", "2023-02-15 15:53:55.487330"]]
  [1m[36mTRANSACTION (0.2ms)[0m  [1m[35mCOMMIT[0m
  [1m[35m (0.3ms)[0m  [1m[34mSELECT pg_advisory_unlock(3044136160172630145)[0m
  [1m[36mActiveRecord::SchemaMigration Pluck (2.3ms)[0m  [1m[34mSELECT "schema_migrations"."version" FROM "schema_migrations" ORDER BY "schema_migrations"."version" ASC[0m
Started GET "/" for ::1 at 2023-02-15 16:55:03 +0100
  
NoMethodError (undefined method `devise_for' for #<ActionDispatch::Routing::Mapper:0x000000011607ded0 @set=#<ActionDispatch::Routing::RouteSet:0x00000001157be0b0>, @draw_paths=[#<Pathname:/Users/test/Desktop/Dev/quizgame/config/routes>], @scope=#<ActionDispatch::Routing::Mapper::Scope:0x000000011607de80 @hash={:path_names=>{:new=>"new", :edit=>"edit"}}, @parent=#<ActionDispatch::Routing::Mapper::Scope:0x00000001159154b8 @hash=nil, @parent=nil, @scope_level=nil>, @scope_level=nil>, @concerns={}>

  devise_for :users
  ^^^^^^^^^^):
  
config/routes.rb:2:in `block in <main>'
config/routes.rb:1:in `<main>'
Started GET "/" for ::1 at 2023-02-15 16:55:15 +0100
  [1m[36mActiveRecord::SchemaMigration Pluck (0.7ms)[0m  [1m[34mSELECT "schema_migrations"."version" FROM "schema_migrations" ORDER BY "schema_migrations"."version" ASC[0m
Processing by Rails::WelcomeController#index as HTML
  Rendering /Users/test/.rbenv/versions/3.1.2/lib/ruby/gems/3.1.0/gems/railties-7.0.4.2/lib/rails/templates/rails/welcome/index.html.erb
  Rendered /Users/test/.rbenv/versions/3.1.2/lib/ruby/gems/3.1.0/gems/railties-7.0.4.2/lib/rails/templates/rails/welcome/index.html.erb (Duration: 3.2ms | Allocations: 476)
Completed 200 OK in 17ms (Views: 7.6ms | ActiveRecord: 0.0ms | Allocations: 3247)


Started GET "/" for ::1 at 2023-02-15 17:03:29 +0100
Processing by Rails::WelcomeController#index as HTML
  Rendering /Users/test/.rbenv/versions/3.1.2/lib/ruby/gems/3.1.0/gems/railties-7.0.4.2/lib/rails/templates/rails/welcome/index.html.erb
  Rendered /Users/test/.rbenv/versions/3.1.2/lib/ruby/gems/3.1.0/gems/railties-7.0.4.2/lib/rails/templates/rails/welcome/index.html.erb (Duration: 2.1ms | Allocations: 281)
Completed 200 OK in 4ms (Views: 3.6ms | Allocations: 940)


Started GET "/" for ::1 at 2023-02-15 17:15:45 +0100
  
ArgumentError (wrong number of arguments (given 0, expected 1..2)):
  
config/routes.rb:4:in `block in <main>'
config/routes.rb:1:in `<main>'
Started GET "/" for ::1 at 2023-02-15 17:15:51 +0100
  
ActionController::RoutingError (uninitialized constant PageController

      Object.const_get(camel_cased_word)
            ^^^^^^^^^^
Did you mean?  PagesController

            raise MissingController.new(error.message, error.name)
            ^^^^^):
  
Started GET "/" for ::1 at 2023-02-15 17:15:59 +0100
Processing by PagesController#index as HTML
  Rendering layout layouts/application.html.erb
  Rendering pages/index.html.erb within layouts/application
  Rendered pages/index.html.erb within layouts/application (Duration: 0.7ms | Allocations: 110)
  Rendered layout layouts/application.html.erb (Duration: 260.8ms | Allocations: 67328)
Completed 200 OK in 264ms (Views: 262.6ms | Allocations: 68267)


Started GET "/" for ::1 at 2023-02-15 17:23:03 +0100
Processing by PagesController#index as HTML
  Rendering layout layouts/application.html.erb
  Rendering pages/index.html.erb within layouts/application
  Rendered pages/index.html.erb within layouts/application (Duration: 0.8ms | Allocations: 111)
  Rendered layout layouts/application.html.erb (Duration: 5.8ms | Allocations: 2630)
Completed 200 OK in 8ms (Views: 7.8ms | Allocations: 3432)


Started GET "/" for ::1 at 2023-02-15 17:28:12 +0100
Processing by PagesController#index as HTML
  Rendering layout layouts/application.html.erb
  Rendering pages/index.html.erb within layouts/application
  Rendered pages/index.html.erb within layouts/application (Duration: 0.1ms | Allocations: 12)
  Rendered layout layouts/application.html.erb (Duration: 8.1ms | Allocations: 2349)
Completed 200 OK in 11ms (Views: 9.7ms | Allocations: 2928)


Started GET "/" for ::1 at 2023-02-15 17:34:03 +0100
Processing by PagesController#index as HTML
  Rendering layout layouts/application.html.erb
  Rendering pages/index.html.erb within layouts/application
  Rendered pages/index.html.erb within layouts/application (Duration: 0.7ms | Allocations: 106)
  Rendered layout layouts/application.html.erb (Duration: 4.7ms | Allocations: 2605)
Completed 200 OK in 7ms (Views: 6.6ms | Allocations: 3426)


Started GET "/" for ::1 at 2023-02-15 17:36:49 +0100
Processing by PagesController#index as HTML
  Rendering layout layouts/application.html.erb
  Rendering pages/index.html.erb within layouts/application
  Rendered pages/index.html.erb within layouts/application (Duration: 0.9ms | Allocations: 106)
  Rendered shared/_navbar.html.erb (Duration: 0.7ms | Allocations: 185)
  Rendered layout layouts/application.html.erb (Duration: 6.4ms | Allocations: 2936)
Completed 200 OK in 9ms (Views: 8.2ms | Allocations: 3737)


Started GET "/" for ::1 at 2023-02-15 17:37:19 +0100
Processing by PagesController#index as HTML
  Rendering layout layouts/application.html.erb
  Rendering pages/index.html.erb within layouts/application
  Rendered pages/index.html.erb within layouts/application (Duration: 0.6ms | Allocations: 106)
  Rendered shared/_navbar.html.erb (Duration: 0.5ms | Allocations: 183)
  Rendered layout layouts/application.html.erb (Duration: 7.5ms | Allocations: 2925)
Completed 200 OK in 10ms (Views: 9.4ms | Allocations: 3726)


Started GET "/" for ::1 at 2023-02-15 17:37:45 +0100
Processing by PagesController#index as HTML
  Rendering layout layouts/application.html.erb
  Rendering pages/index.html.erb within layouts/application
  Rendered pages/index.html.erb within layouts/application (Duration: 0.8ms | Allocations: 106)
  Rendered shared/_navbar.html.erb (Duration: 0.7ms | Allocations: 183)
  Rendered layout layouts/application.html.erb (Duration: 7.4ms | Allocations: 2922)
Completed 200 OK in 11ms (Views: 9.8ms | Allocations: 3723)


Started GET "/" for ::1 at 2023-02-15 17:37:58 +0100
Processing by PagesController#index as HTML
  Rendering layout layouts/application.html.erb
  Rendering pages/index.html.erb within layouts/application
  Rendered pages/index.html.erb within layouts/application (Duration: 0.3ms | Allocations: 106)
  Rendered shared/_navbar.html.erb (Duration: 0.4ms | Allocations: 183)
  Rendered layout layouts/application.html.erb (Duration: 4.9ms | Allocations: 2931)
Completed 200 OK in 7ms (Views: 6.6ms | Allocations: 3732)


Started GET "/" for ::1 at 2023-02-15 17:39:08 +0100
Processing by PagesController#index as HTML
  Rendering layout layouts/application.html.erb
  Rendering pages/index.html.erb within layouts/application
  Rendered pages/index.html.erb within layouts/application (Duration: 0.7ms | Allocations: 106)
  Rendered shared/_navbar.html.erb (Duration: 0.6ms | Allocations: 183)
  Rendered layout layouts/application.html.erb (Duration: 7.5ms | Allocations: 2934)
Completed 200 OK in 10ms (Views: 9.3ms | Allocations: 3735)


Started GET "/" for ::1 at 2023-02-15 17:39:12 +0100
Processing by PagesController#index as HTML
  Rendering layout layouts/application.html.erb
  Rendering pages/index.html.erb within layouts/application
  Rendered pages/index.html.erb within layouts/application (Duration: 0.3ms | Allocations: 106)
  Rendered shared/_navbar.html.erb (Duration: 0.4ms | Allocations: 183)
  Rendered layout layouts/application.html.erb (Duration: 4.8ms | Allocations: 2916)
Completed 200 OK in 8ms (Views: 7.1ms | Allocations: 3717)


Started GET "/" for ::1 at 2023-02-15 17:39:21 +0100
Processing by PagesController#index as HTML
  Rendering layout layouts/application.html.erb
  Rendering pages/index.html.erb within layouts/application
  Rendered pages/index.html.erb within layouts/application (Duration: 0.3ms | Allocations: 106)
  Rendered shared/_navbar.html.erb (Duration: 0.4ms | Allocations: 183)
  Rendered layout layouts/application.html.erb (Duration: 5.7ms | Allocations: 2946)
Completed 200 OK in 9ms (Views: 7.8ms | Allocations: 3747)


Started GET "/" for ::1 at 2023-02-15 17:39:56 +0100
Processing by PagesController#index as HTML
  Rendering layout layouts/application.html.erb
  Rendering pages/index.html.erb within layouts/application
  Rendered pages/index.html.erb within layouts/application (Duration: 0.7ms | Allocations: 106)
  Rendered shared/_navbar.html.erb (Duration: 0.6ms | Allocations: 185)
  Rendered layout layouts/application.html.erb (Duration: 33.0ms | Allocations: 2927)
Completed 200 OK in 47ms (Views: 46.6ms | Allocations: 3729)


Started GET "/" for ::1 at 2023-02-15 17:40:04 +0100
Processing by PagesController#index as HTML
  Rendering layout layouts/application.html.erb
  Rendering pages/index.html.erb within layouts/application
  Rendered pages/index.html.erb within layouts/application (Duration: 0.4ms | Allocations: 106)
  Rendered shared/_navbar.html.erb (Duration: 0.6ms | Allocations: 182)
  Rendered layout layouts/application.html.erb (Duration: 34.3ms | Allocations: 2933)
Completed 200 OK in 37ms (Views: 36.2ms | Allocations: 3734)


Started GET "/" for ::1 at 2023-02-15 17:40:24 +0100
Processing by PagesController#index as HTML
  Rendering layout layouts/application.html.erb
  Rendering pages/index.html.erb within layouts/application
  Rendered pages/index.html.erb within layouts/application (Duration: 1.6ms | Allocations: 106)
  Rendered shared/_navbar.html.erb (Duration: 1.9ms | Allocations: 182)
  Rendered layout layouts/application.html.erb (Duration: 39.2ms | Allocations: 2933)
Completed 200 OK in 61ms (Views: 55.1ms | Allocations: 3734)


Started GET "/" for ::1 at 2023-02-15 17:40:25 +0100
Processing by PagesController#index as HTML
  Rendering layout layouts/application.html.erb
  Rendering pages/index.html.erb within layouts/application
  Rendered pages/index.html.erb within layouts/application (Duration: 0.0ms | Allocations: 7)
  Rendered shared/_navbar.html.erb (Duration: 0.0ms | Allocations: 9)
  Rendered layout layouts/application.html.erb (Duration: 4.2ms | Allocations: 2141)
Completed 200 OK in 5ms (Views: 4.5ms | Allocations: 2395)


Started GET "/" for ::1 at 2023-02-15 17:41:12 +0100
Processing by PagesController#index as HTML
  Rendering layout layouts/application.html.erb
  Rendering pages/index.html.erb within layouts/application
  Rendered pages/index.html.erb within layouts/application (Duration: 0.6ms | Allocations: 109)
  Rendered shared/_navbar.html.erb (Duration: 0.5ms | Allocations: 182)
  Rendered layout layouts/application.html.erb (Duration: 8.2ms | Allocations: 2934)
Completed 200 OK in 11ms (Views: 9.9ms | Allocations: 3718)


Started GET "/" for ::1 at 2023-02-15 17:43:15 +0100
Processing by PagesController#index as HTML
  Rendering layout layouts/application.html.erb
  Rendering pages/index.html.erb within layouts/application
  Rendered shared/_hero.html.erb (Duration: 1.1ms | Allocations: 125)
  Rendered pages/index.html.erb within layouts/application (Duration: 1.8ms | Allocations: 373)
  Rendered shared/_navbar.html.erb (Duration: 2.5ms | Allocations: 179)
  Rendered layout layouts/application.html.erb (Duration: 9.8ms | Allocations: 3186)
Completed 200 OK in 12ms (Views: 11.8ms | Allocations: 3988)


Started GET "/" for ::1 at 2023-02-15 17:43:47 +0100
Processing by PagesController#index as HTML
  Rendering layout layouts/application.html.erb
  Rendering pages/index.html.erb within layouts/application
  Rendered shared/_hero.html.erb (Duration: 1.5ms | Allocations: 124)
  Rendered pages/index.html.erb within layouts/application (Duration: 2.6ms | Allocations: 367)
  Rendered shared/_navbar.html.erb (Duration: 0.4ms | Allocations: 180)
  Rendered layout layouts/application.html.erb (Duration: 8.5ms | Allocations: 3180)
Completed 200 OK in 12ms (Views: 10.9ms | Allocations: 3981)


Started GET "/" for ::1 at 2023-02-15 17:44:02 +0100
Processing by PagesController#index as HTML
  Rendering layout layouts/application.html.erb
  Rendering pages/index.html.erb within layouts/application
  Rendered shared/_hero.html.erb (Duration: 0.3ms | Allocations: 125)
  Rendered pages/index.html.erb within layouts/application (Duration: 1.3ms | Allocations: 368)
  Rendered shared/_navbar.html.erb (Duration: 0.5ms | Allocations: 179)
  Rendered layout layouts/application.html.erb (Duration: 5.9ms | Allocations: 3183)
Completed 200 OK in 8ms (Views: 7.5ms | Allocations: 3984)


Started GET "/" for ::1 at 2023-02-15 17:44:39 +0100
Processing by PagesController#index as HTML
  Rendering layout layouts/application.html.erb
  Rendering pages/index.html.erb within layouts/application
  Rendered shared/_hero.html.erb (Duration: 0.3ms | Allocations: 122)
  Rendered pages/index.html.erb within layouts/application (Duration: 1.3ms | Allocations: 365)
  Rendered shared/_navbar.html.erb (Duration: 0.8ms | Allocations: 179)
  Rendered layout layouts/application.html.erb (Duration: 6.9ms | Allocations: 3174)
Completed 200 OK in 10ms (Views: 8.7ms | Allocations: 3975)


Started GET "/" for ::1 at 2023-02-15 17:45:00 +0100
Processing by PagesController#index as HTML
  Rendering layout layouts/application.html.erb
  Rendering pages/index.html.erb within layouts/application
  Rendered shared/_hero.html.erb (Duration: 0.3ms | Allocations: 122)
  Rendered pages/index.html.erb within layouts/application (Duration: 1.2ms | Allocations: 365)
  Rendered shared/_navbar.html.erb (Duration: 0.6ms | Allocations: 179)
  Rendered layout layouts/application.html.erb (Duration: 7.2ms | Allocations: 3162)
Completed 200 OK in 10ms (Views: 9.2ms | Allocations: 3963)


Started GET "/" for ::1 at 2023-02-15 17:45:01 +0100
Processing by PagesController#index as HTML
  Rendering layout layouts/application.html.erb
  Rendering pages/index.html.erb within layouts/application
  Rendered shared/_hero.html.erb (Duration: 0.0ms | Allocations: 9)
  Rendered pages/index.html.erb within layouts/application (Duration: 0.1ms | Allocations: 71)
  Rendered shared/_navbar.html.erb (Duration: 0.0ms | Allocations: 8)
  Rendered layout layouts/application.html.erb (Duration: 3.1ms | Allocations: 2211)
Completed 200 OK in 4ms (Views: 3.4ms | Allocations: 2464)


Started GET "/" for ::1 at 2023-02-15 17:45:17 +0100
Processing by PagesController#index as HTML
  Rendering layout layouts/application.html.erb
  Rendering pages/index.html.erb within layouts/application
  Rendered shared/_hero.html.erb (Duration: 0.5ms | Allocations: 122)
  Rendered pages/index.html.erb within layouts/application (Duration: 1.3ms | Allocations: 365)
  Rendered shared/_navbar.html.erb (Duration: 0.5ms | Allocations: 179)
  Rendered layout layouts/application.html.erb (Duration: 5.9ms | Allocations: 3156)
Completed 200 OK in 9ms (Views: 8.3ms | Allocations: 3940)


Started GET "/" for ::1 at 2023-02-15 17:45:22 +0100
Processing by PagesController#index as HTML
  Rendering layout layouts/application.html.erb
  Rendering pages/index.html.erb within layouts/application
  Rendered shared/_hero.html.erb (Duration: 0.3ms | Allocations: 122)
  Rendered pages/index.html.erb within layouts/application (Duration: 1.0ms | Allocations: 365)
  Rendered shared/_navbar.html.erb (Duration: 0.4ms | Allocations: 179)
  Rendered layout layouts/application.html.erb (Duration: 6.0ms | Allocations: 3189)
Completed 200 OK in 9ms (Views: 8.0ms | Allocations: 3990)


Started GET "/" for ::1 at 2023-02-15 17:45:28 +0100
Processing by PagesController#index as HTML
  Rendering layout layouts/application.html.erb
  Rendering pages/index.html.erb within layouts/application
  Rendered shared/_hero.html.erb (Duration: 0.4ms | Allocations: 122)
  Rendered pages/index.html.erb within layouts/application (Duration: 1.7ms | Allocations: 365)
  Rendered shared/_navbar.html.erb (Duration: 0.6ms | Allocations: 179)
  Rendered layout layouts/application.html.erb (Duration: 6.6ms | Allocations: 3177)
Completed 200 OK in 9ms (Views: 8.4ms | Allocations: 3978)


Started GET "/" for ::1 at 2023-02-15 17:55:02 +0100
Processing by PagesController#index as HTML
  Rendering layout layouts/application.html.erb
  Rendering pages/index.html.erb within layouts/application
  Rendered shared/_hero.html.erb (Duration: 0.9ms | Allocations: 122)
  Rendered pages/index.html.erb within layouts/application (Duration: 2.2ms | Allocations: 365)
  Rendered shared/_navbar.html.erb (Duration: 1.7ms | Allocations: 179)
  Rendered layout layouts/application.html.erb (Duration: 10.7ms | Allocations: 3168)
Completed 200 OK in 13ms (Views: 12.6ms | Allocations: 3969)


Started GET "/" for ::1 at 2023-02-15 17:56:10 +0100
Processing by PagesController#index as HTML
  Rendering layout layouts/application.html.erb
  Rendering pages/index.html.erb within layouts/application
  Rendered shared/_hero.html.erb (Duration: 0.5ms | Allocations: 128)
  Rendered pages/index.html.erb within layouts/application (Duration: 1.6ms | Allocations: 371)
  Rendered shared/_navbar.html.erb (Duration: 0.9ms | Allocations: 179)
  Rendered layout layouts/application.html.erb (Duration: 8.6ms | Allocations: 3183)
Completed 200 OK in 11ms (Views: 10.4ms | Allocations: 3984)


Started GET "/" for ::1 at 2023-02-15 17:56:33 +0100
Processing by PagesController#index as HTML
  Rendering layout layouts/application.html.erb
  Rendering pages/index.html.erb within layouts/application
  Rendered shared/_hero.html.erb (Duration: 0.3ms | Allocations: 128)
  Rendered pages/index.html.erb within layouts/application (Duration: 1.4ms | Allocations: 371)
  Rendered shared/_navbar.html.erb (Duration: 0.8ms | Allocations: 179)
  Rendered layout layouts/application.html.erb (Duration: 12.3ms | Allocations: 3174)
Completed 200 OK in 15ms (Views: 13.9ms | Allocations: 3975)


Started GET "/" for ::1 at 2023-02-15 17:56:45 +0100
Processing by PagesController#index as HTML
  Rendering layout layouts/application.html.erb
  Rendering pages/index.html.erb within layouts/application
  Rendered shared/_hero.html.erb (Duration: 1.0ms | Allocations: 128)
  Rendered pages/index.html.erb within layouts/application (Duration: 1.7ms | Allocations: 371)
  Rendered shared/_navbar.html.erb (Duration: 1.7ms | Allocations: 179)
  Rendered layout layouts/application.html.erb (Duration: 7.6ms | Allocations: 3165)
Completed 200 OK in 10ms (Views: 9.7ms | Allocations: 3966)


Started GET "/" for ::1 at 2023-02-15 17:56:53 +0100
Processing by PagesController#index as HTML
  Rendering layout layouts/application.html.erb
  Rendering pages/index.html.erb within layouts/application
  Rendered shared/_hero.html.erb (Duration: 0.4ms | Allocations: 128)
  Rendered pages/index.html.erb within layouts/application (Duration: 1.4ms | Allocations: 371)
  Rendered shared/_navbar.html.erb (Duration: 0.4ms | Allocations: 179)
  Rendered layout layouts/application.html.erb (Duration: 7.3ms | Allocations: 3171)
Completed 200 OK in 11ms (Views: 9.6ms | Allocations: 3972)


Started GET "/" for ::1 at 2023-02-15 17:57:01 +0100
Processing by PagesController#index as HTML
  Rendering layout layouts/application.html.erb
  Rendering pages/index.html.erb within layouts/application
  Rendered shared/_hero.html.erb (Duration: 0.6ms | Allocations: 128)
  Rendered pages/index.html.erb within layouts/application (Duration: 1.7ms | Allocations: 371)
  Rendered shared/_navbar.html.erb (Duration: 0.5ms | Allocations: 179)
  Rendered layout layouts/application.html.erb (Duration: 8.0ms | Allocations: 3180)
Completed 200 OK in 11ms (Views: 10.5ms | Allocations: 3982)


Started GET "/" for ::1 at 2023-02-15 17:57:06 +0100
Processing by PagesController#index as HTML
  Rendering layout layouts/application.html.erb
  Rendering pages/index.html.erb within layouts/application
  Rendered shared/_hero.html.erb (Duration: 0.3ms | Allocations: 127)
  Rendered pages/index.html.erb within layouts/application (Duration: 0.9ms | Allocations: 370)
  Rendered shared/_navbar.html.erb (Duration: 1.8ms | Allocations: 179)
  Rendered layout layouts/application.html.erb (Duration: 9.1ms | Allocations: 3167)
Completed 200 OK in 13ms (Views: 11.9ms | Allocations: 3968)


Started GET "/" for ::1 at 2023-02-15 17:57:10 +0100
Processing by PagesController#index as HTML
  Rendering layout layouts/application.html.erb
  Rendering pages/index.html.erb within layouts/application
  Rendered shared/_hero.html.erb (Duration: 0.3ms | Allocations: 128)
  Rendered pages/index.html.erb within layouts/application (Duration: 1.1ms | Allocations: 371)
  Rendered shared/_navbar.html.erb (Duration: 1.8ms | Allocations: 179)
  Rendered layout layouts/application.html.erb (Duration: 7.8ms | Allocations: 3184)
Completed 200 OK in 11ms (Views: 10.0ms | Allocations: 3985)


Started GET "/" for ::1 at 2023-02-15 17:57:24 +0100
Processing by PagesController#index as HTML
  Rendering layout layouts/application.html.erb
  Rendering pages/index.html.erb within layouts/application
  Rendered shared/_hero.html.erb (Duration: 0.3ms | Allocations: 128)
  Rendered pages/index.html.erb within layouts/application (Duration: 1.0ms | Allocations: 371)
  Rendered shared/_navbar.html.erb (Duration: 1.3ms | Allocations: 182)
  Rendered layout layouts/application.html.erb (Duration: 26.1ms | Allocations: 3205)
Completed 200 OK in 30ms (Views: 28.8ms | Allocations: 4007)


Started GET "/" for ::1 at 2023-02-15 17:58:51 +0100
Processing by PagesController#index as HTML
  Rendering layout layouts/application.html.erb
  Rendering pages/index.html.erb within layouts/application
  Rendered shared/_hero.html.erb (Duration: 1.1ms | Allocations: 128)
  Rendered pages/index.html.erb within layouts/application (Duration: 4.0ms | Allocations: 371)
  Rendered shared/_navbar.html.erb (Duration: 0.7ms | Allocations: 180)
  Rendered layout layouts/application.html.erb (Duration: 10.4ms | Allocations: 3181)
Completed 200 OK in 15ms (Views: 12.2ms | Allocations: 3983)


Started GET "/" for ::1 at 2023-02-15 17:58:55 +0100
Processing by PagesController#index as HTML
  Rendering layout layouts/application.html.erb
  Rendering pages/index.html.erb within layouts/application
  Rendered shared/_hero.html.erb (Duration: 0.9ms | Allocations: 128)
  Rendered pages/index.html.erb within layouts/application (Duration: 2.3ms | Allocations: 371)
  Rendered shared/_navbar.html.erb (Duration: 0.5ms | Allocations: 180)
  Rendered layout layouts/application.html.erb (Duration: 7.7ms | Allocations: 3186)
Completed 200 OK in 11ms (Views: 9.6ms | Allocations: 3987)


Started GET "/" for ::1 at 2023-02-15 17:59:47 +0100
Processing by PagesController#index as HTML
  Rendering layout layouts/application.html.erb
  Rendering pages/index.html.erb within layouts/application
  Rendered shared/_hero.html.erb (Duration: 0.3ms | Allocations: 128)
  Rendered pages/index.html.erb within layouts/application (Duration: 1.5ms | Allocations: 371)
  Rendered shared/_navbar.html.erb (Duration: 0.7ms | Allocations: 179)
  Rendered layout layouts/application.html.erb (Duration: 8.1ms | Allocations: 3176)
Completed 200 OK in 11ms (Views: 10.7ms | Allocations: 3978)


Started GET "/" for ::1 at 2023-02-15 17:59:53 +0100
Processing by PagesController#index as HTML
  Rendering layout layouts/application.html.erb
  Rendering pages/index.html.erb within layouts/application
  Rendered shared/_hero.html.erb (Duration: 0.3ms | Allocations: 128)
  Rendered pages/index.html.erb within layouts/application (Duration: 0.9ms | Allocations: 371)
  Rendered shared/_navbar.html.erb (Duration: 0.4ms | Allocations: 179)
  Rendered layout layouts/application.html.erb (Duration: 6.0ms | Allocations: 3186)
Completed 200 OK in 8ms (Views: 7.9ms | Allocations: 3987)


Started GET "/" for ::1 at 2023-02-16 10:13:33 +0100
Processing by PagesController#index as HTML
  Rendering layout layouts/application.html.erb
  Rendering pages/index.html.erb within layouts/application
  Rendered shared/_hero.html.erb (Duration: 0.2ms | Allocations: 9)
  Rendered pages/index.html.erb within layouts/application (Duration: 1.2ms | Allocations: 71)
  Rendered shared/_navbar.html.erb (Duration: 0.1ms | Allocations: 8)
  Rendered layout layouts/application.html.erb (Duration: 18.8ms | Allocations: 2017)
Completed 200 OK in 24ms (Views: 22.2ms | Allocations: 2270)


Started GET "/" for ::1 at 2023-02-16 10:17:07 +0100
Processing by PagesController#index as HTML
  Rendering layout layouts/application.html.erb
  Rendering pages/index.html.erb within layouts/application
  Rendered shared/_hero.html.erb (Duration: 1.9ms | Allocations: 127)
  Rendered pages/index.html.erb within layouts/application (Duration: 3.9ms | Allocations: 370)
  Rendered shared/_navbar.html.erb (Duration: 0.5ms | Allocations: 171)
  Rendered layout layouts/application.html.erb (Duration: 25.4ms | Allocations: 3068)
Completed 200 OK in 34ms (Views: 31.3ms | Allocations: 3852)


Started GET "/users/sign_up" for ::1 at 2023-02-16 10:17:08 +0100
Processing by Devise::RegistrationsController#new as HTML
  Rendering layout layouts/application.html.erb
  Rendering /Users/test/.rbenv/versions/3.1.2/lib/ruby/gems/3.1.0/gems/devise-4.8.1/app/views/devise/registrations/new.html.erb within layouts/application
  Rendered /Users/test/.rbenv/versions/3.1.2/lib/ruby/gems/3.1.0/gems/devise-4.8.1/app/views/devise/shared/_error_messages.html.erb (Duration: 1.6ms | Allocations: 237)
  Rendered /Users/test/.rbenv/versions/3.1.2/lib/ruby/gems/3.1.0/gems/devise-4.8.1/app/views/devise/shared/_links.html.erb (Duration: 1.6ms | Allocations: 577)
  Rendered /Users/test/.rbenv/versions/3.1.2/lib/ruby/gems/3.1.0/gems/devise-4.8.1/app/views/devise/registrations/new.html.erb within layouts/application (Duration: 58.1ms | Allocations: 7360)
  Rendered shared/_navbar.html.erb (Duration: 0.0ms | Allocations: 9)
  Rendered layout layouts/application.html.erb (Duration: 61.2ms | Allocations: 9368)
Completed 200 OK in 203ms (Views: 63.8ms | ActiveRecord: 56.9ms | Allocations: 19459)


Started POST "/users" for ::1 at 2023-02-16 10:17:19 +0100
Processing by Devise::RegistrationsController#create as TURBO_STREAM
  Parameters: {"authenticity_token"=>"[FILTERED]", "user"=>{"email"=>"baelewilliam1999@gmail.com", "password"=>"[FILTERED]", "password_confirmation"=>"[FILTERED]"}, "commit"=>"Sign up"}
  [1m[36mTRANSACTION (0.2ms)[0m  [1m[35mBEGIN[0m
  [1m[36mUser Exists? (5.4ms)[0m  [1m[34mSELECT 1 AS one FROM "users" WHERE "users"."email" = $1 LIMIT $2[0m  [["email", "baelewilliam1999@gmail.com"], ["LIMIT", 1]]
  [1m[36mUser Create (8.2ms)[0m  [1m[32mINSERT INTO "users" ("email", "encrypted_password", "reset_password_token", "reset_password_sent_at", "remember_created_at", "created_at", "updated_at") VALUES ($1, $2, $3, $4, $5, $6, $7) RETURNING "id"[0m  [["email", "baelewilliam1999@gmail.com"], ["encrypted_password", "[FILTERED]"], ["reset_password_token", "[FILTERED]"], ["reset_password_sent_at", "[FILTERED]"], ["remember_created_at", nil], ["created_at", "2023-02-16 09:17:19.398408"], ["updated_at", "2023-02-16 09:17:19.398408"]]
  [1m[36mTRANSACTION (2.0ms)[0m  [1m[35mCOMMIT[0m
Redirected to 
Completed 500 Internal Server Error in 288ms (ActiveRecord: 15.8ms | Allocations: 16138)


  
NoMethodError (undefined method `user_url' for #<Devise::RegistrationsController:0x0000000001b328>

              recipient.public_send(method, *args)
                       ^^^^^^^^^^^^):
  
actionpack (7.0.4.2) lib/action_dispatch/routing/polymorphic_routes.rb:231:in `public_send'
actionpack (7.0.4.2) lib/action_dispatch/routing/polymorphic_routes.rb:231:in `polymorphic_method'
actionpack (7.0.4.2) lib/action_dispatch/routing/polymorphic_routes.rb:116:in `polymorphic_url'
actionpack (7.0.4.2) lib/action_dispatch/routing/url_for.rb:187:in `full_url_for'
actionpack (7.0.4.2) lib/action_dispatch/routing/url_for.rb:170:in `url_for'
actionpack (7.0.4.2) lib/action_controller/metal/redirecting.rb:144:in `_compute_redirect_to_location'
actionpack (7.0.4.2) lib/action_controller/metal/redirecting.rb:89:in `redirect_to'
actionpack (7.0.4.2) lib/action_controller/metal/flash.rb:62:in `redirect_to'
actionpack (7.0.4.2) lib/action_controller/metal/instrumentation.rb:42:in `block in redirect_to'
activesupport (7.0.4.2) lib/active_support/notifications.rb:206:in `block in instrument'
activesupport (7.0.4.2) lib/active_support/notifications/instrumenter.rb:24:in `instrument'
activesupport (7.0.4.2) lib/active_support/notifications.rb:206:in `instrument'
actionpack (7.0.4.2) lib/action_controller/metal/instrumentation.rb:41:in `redirect_to'
responders (3.1.0) lib/action_controller/responder.rb:150:in `redirect_to'
responders (3.1.0) lib/action_controller/responder.rb:210:in `navigation_behavior'
responders (3.1.0) lib/action_controller/responder.rb:177:in `rescue in to_html'
responders (3.1.0) lib/action_controller/responder.rb:174:in `to_html'
responders (3.1.0) lib/action_controller/responder.rb:168:in `respond'
responders (3.1.0) lib/action_controller/responder.rb:161:in `call'
responders (3.1.0) lib/action_controller/respond_with.rb:216:in `respond_with'
devise (4.8.1) app/controllers/devise/registrations_controller.rb:25:in `create'
actionpack (7.0.4.2) lib/action_controller/metal/basic_implicit_render.rb:6:in `send_action'
actionpack (7.0.4.2) lib/abstract_controller/base.rb:215:in `process_action'
actionpack (7.0.4.2) lib/action_controller/metal/rendering.rb:53:in `process_action'
actionpack (7.0.4.2) lib/abstract_controller/callbacks.rb:234:in `block in process_action'
activesupport (7.0.4.2) lib/active_support/callbacks.rb:118:in `block in run_callbacks'
actiontext (7.0.4.2) lib/action_text/rendering.rb:20:in `with_renderer'
actiontext (7.0.4.2) lib/action_text/engine.rb:69:in `block (4 levels) in <class:Engine>'
activesupport (7.0.4.2) lib/active_support/callbacks.rb:127:in `instance_exec'
activesupport (7.0.4.2) lib/active_support/callbacks.rb:127:in `block in run_callbacks'
activesupport (7.0.4.2) lib/active_support/callbacks.rb:138:in `run_callbacks'
actionpack (7.0.4.2) lib/abstract_controller/callbacks.rb:233:in `process_action'
actionpack (7.0.4.2) lib/action_controller/metal/rescue.rb:22:in `process_action'
actionpack (7.0.4.2) lib/action_controller/metal/instrumentation.rb:67:in `block in process_action'
activesupport (7.0.4.2) lib/active_support/notifications.rb:206:in `block in instrument'
activesupport (7.0.4.2) lib/active_support/notifications/instrumenter.rb:24:in `instrument'
activesupport (7.0.4.2) lib/active_support/notifications.rb:206:in `instrument'
actionpack (7.0.4.2) lib/action_controller/metal/instrumentation.rb:66:in `process_action'
actionpack (7.0.4.2) lib/action_controller/metal/params_wrapper.rb:259:in `process_action'
activerecord (7.0.4.2) lib/active_record/railties/controller_runtime.rb:27:in `process_action'
actionpack (7.0.4.2) lib/abstract_controller/base.rb:151:in `process'
actionview (7.0.4.2) lib/action_view/rendering.rb:39:in `process'
actionpack (7.0.4.2) lib/action_controller/metal.rb:188:in `dispatch'
actionpack (7.0.4.2) lib/action_controller/metal.rb:251:in `dispatch'
actionpack (7.0.4.2) lib/action_dispatch/routing/route_set.rb:49:in `dispatch'
actionpack (7.0.4.2) lib/action_dispatch/routing/route_set.rb:32:in `serve'
actionpack (7.0.4.2) lib/action_dispatch/routing/mapper.rb:18:in `block in <class:Constraints>'
actionpack (7.0.4.2) lib/action_dispatch/routing/mapper.rb:48:in `serve'
actionpack (7.0.4.2) lib/action_dispatch/journey/router.rb:50:in `block in serve'
actionpack (7.0.4.2) lib/action_dispatch/journey/router.rb:32:in `each'
actionpack (7.0.4.2) lib/action_dispatch/journey/router.rb:32:in `serve'
actionpack (7.0.4.2) lib/action_dispatch/routing/route_set.rb:852:in `call'
warden (1.2.9) lib/warden/manager.rb:36:in `block in call'
warden (1.2.9) lib/warden/manager.rb:34:in `catch'
warden (1.2.9) lib/warden/manager.rb:34:in `call'
rack (2.2.6.2) lib/rack/tempfile_reaper.rb:15:in `call'
rack (2.2.6.2) lib/rack/etag.rb:27:in `call'
rack (2.2.6.2) lib/rack/conditional_get.rb:40:in `call'
rack (2.2.6.2) lib/rack/head.rb:12:in `call'
actionpack (7.0.4.2) lib/action_dispatch/http/permissions_policy.rb:38:in `call'
actionpack (7.0.4.2) lib/action_dispatch/http/content_security_policy.rb:36:in `call'
rack (2.2.6.2) lib/rack/session/abstract/id.rb:266:in `context'
rack (2.2.6.2) lib/rack/session/abstract/id.rb:260:in `call'
actionpack (7.0.4.2) lib/action_dispatch/middleware/cookies.rb:704:in `call'
activerecord (7.0.4.2) lib/active_record/migration.rb:603:in `call'
actionpack (7.0.4.2) lib/action_dispatch/middleware/callbacks.rb:27:in `block in call'
activesupport (7.0.4.2) lib/active_support/callbacks.rb:99:in `run_callbacks'
actionpack (7.0.4.2) lib/action_dispatch/middleware/callbacks.rb:26:in `call'
actionpack (7.0.4.2) lib/action_dispatch/middleware/executor.rb:14:in `call'
actionpack (7.0.4.2) lib/action_dispatch/middleware/actionable_exceptions.rb:17:in `call'
actionpack (7.0.4.2) lib/action_dispatch/middleware/debug_exceptions.rb:28:in `call'
web-console (4.2.0) lib/web_console/middleware.rb:132:in `call_app'
web-console (4.2.0) lib/web_console/middleware.rb:28:in `block in call'
web-console (4.2.0) lib/web_console/middleware.rb:17:in `catch'
web-console (4.2.0) lib/web_console/middleware.rb:17:in `call'
actionpack (7.0.4.2) lib/action_dispatch/middleware/show_exceptions.rb:26:in `call'
railties (7.0.4.2) lib/rails/rack/logger.rb:40:in `call_app'
railties (7.0.4.2) lib/rails/rack/logger.rb:25:in `block in call'
activesupport (7.0.4.2) lib/active_support/tagged_logging.rb:99:in `block in tagged'
activesupport (7.0.4.2) lib/active_support/tagged_logging.rb:37:in `tagged'
activesupport (7.0.4.2) lib/active_support/tagged_logging.rb:99:in `tagged'
railties (7.0.4.2) lib/rails/rack/logger.rb:25:in `call'
sprockets-rails (3.4.2) lib/sprockets/rails/quiet_assets.rb:13:in `call'
actionpack (7.0.4.2) lib/action_dispatch/middleware/remote_ip.rb:93:in `call'
actionpack (7.0.4.2) lib/action_dispatch/middleware/request_id.rb:26:in `call'
rack (2.2.6.2) lib/rack/method_override.rb:24:in `call'
rack (2.2.6.2) lib/rack/runtime.rb:22:in `call'
activesupport (7.0.4.2) lib/active_support/cache/strategy/local_cache_middleware.rb:29:in `call'
actionpack (7.0.4.2) lib/action_dispatch/middleware/server_timing.rb:61:in `block in call'
actionpack (7.0.4.2) lib/action_dispatch/middleware/server_timing.rb:26:in `collect_events'
actionpack (7.0.4.2) lib/action_dispatch/middleware/server_timing.rb:60:in `call'
actionpack (7.0.4.2) lib/action_dispatch/middleware/executor.rb:14:in `call'
actionpack (7.0.4.2) lib/action_dispatch/middleware/static.rb:23:in `call'
rack (2.2.6.2) lib/rack/sendfile.rb:110:in `call'
actionpack (7.0.4.2) lib/action_dispatch/middleware/host_authorization.rb:137:in `call'
railties (7.0.4.2) lib/rails/engine.rb:530:in `call'
puma (5.6.5) lib/puma/configuration.rb:252:in `call'
puma (5.6.5) lib/puma/request.rb:77:in `block in handle_request'
puma (5.6.5) lib/puma/thread_pool.rb:340:in `with_force_shutdown'
puma (5.6.5) lib/puma/request.rb:76:in `handle_request'
puma (5.6.5) lib/puma/server.rb:443:in `process_client'
puma (5.6.5) lib/puma/thread_pool.rb:147:in `block in spawn_thread'
Started GET "/" for ::1 at 2023-02-16 10:18:11 +0100
Processing by PagesController#index as HTML
  Rendering layout layouts/application.html.erb
  Rendering pages/index.html.erb within layouts/application
  Rendered shared/_hero.html.erb (Duration: 0.6ms | Allocations: 127)
  Rendered pages/index.html.erb within layouts/application (Duration: 1.5ms | Allocations: 370)
  Rendered shared/_navbar.html.erb (Duration: 0.5ms | Allocations: 170)
  Rendered layout layouts/application.html.erb (Duration: 6.6ms | Allocations: 3078)
Completed 200 OK in 9ms (Views: 8.0ms | ActiveRecord: 0.0ms | Allocations: 3822)


Started GET "/" for ::1 at 2023-02-16 10:18:59 +0100
Processing by PagesController#index as HTML
  Rendering layout layouts/application.html.erb
  Rendering pages/index.html.erb within layouts/application
  Rendered shared/_hero.html.erb (Duration: 0.6ms | Allocations: 127)
  Rendered pages/index.html.erb within layouts/application (Duration: 2.4ms | Allocations: 801)
  Rendered shared/_navbar.html.erb (Duration: 0.9ms | Allocations: 170)
  Rendered layout layouts/application.html.erb (Duration: 7.9ms | Allocations: 3268)
Completed 200 OK in 10ms (Views: 9.2ms | ActiveRecord: 0.0ms | Allocations: 4079)


Started GET "/" for ::1 at 2023-02-16 10:19:01 +0100
Processing by PagesController#index as HTML
  Rendering layout layouts/application.html.erb
  Rendering pages/index.html.erb within layouts/application
  Rendered shared/_hero.html.erb (Duration: 0.0ms | Allocations: 9)
  Rendered pages/index.html.erb within layouts/application (Duration: 1.5ms | Allocations: 352)
  Rendered shared/_navbar.html.erb (Duration: 0.0ms | Allocations: 8)
  Rendered layout layouts/application.html.erb (Duration: 4.9ms | Allocations: 2201)
Completed 200 OK in 6ms (Views: 5.3ms | ActiveRecord: 0.0ms | Allocations: 2458)


Started GET "/" for ::1 at 2023-02-16 10:20:29 +0100
Processing by PagesController#index as HTML
  Rendering layout layouts/application.html.erb
  Rendering pages/index.html.erb within layouts/application
  Rendered shared/_hero.html.erb (Duration: 1.1ms | Allocations: 127)
  Rendered pages/index.html.erb within layouts/application (Duration: 3.1ms | Allocations: 798)
  Rendered shared/_navbar.html.erb (Duration: 0.8ms | Allocations: 170)
  Rendered layout layouts/application.html.erb (Duration: 10.8ms | Allocations: 3286)
Completed 200 OK in 14ms (Views: 13.6ms | ActiveRecord: 0.0ms | Allocations: 4219)


Started GET "/users/sign_up" for ::1 at 2023-02-16 10:20:31 +0100
Processing by Devise::RegistrationsController#new as HTML
  Rendering layout layouts/application.html.erb
  Rendering /Users/test/.rbenv/versions/3.1.2/lib/ruby/gems/3.1.0/gems/devise-4.8.1/app/views/devise/registrations/new.html.erb within layouts/application
  Rendered /Users/test/.rbenv/versions/3.1.2/lib/ruby/gems/3.1.0/gems/devise-4.8.1/app/views/devise/shared/_error_messages.html.erb (Duration: 0.8ms | Allocations: 195)
  Rendered /Users/test/.rbenv/versions/3.1.2/lib/ruby/gems/3.1.0/gems/devise-4.8.1/app/views/devise/shared/_links.html.erb (Duration: 1.6ms | Allocations: 485)
  Rendered /Users/test/.rbenv/versions/3.1.2/lib/ruby/gems/3.1.0/gems/devise-4.8.1/app/views/devise/registrations/new.html.erb within layouts/application (Duration: 6.3ms | Allocations: 2520)
  Rendered shared/_navbar.html.erb (Duration: 0.0ms | Allocations: 9)
  Rendered layout layouts/application.html.erb (Duration: 9.5ms | Allocations: 4528)
Completed 200 OK in 19ms (Views: 12.3ms | ActiveRecord: 2.2ms | Allocations: 8373)


Started POST "/users" for ::1 at 2023-02-16 10:20:40 +0100
Processing by Devise::RegistrationsController#create as TURBO_STREAM
  Parameters: {"authenticity_token"=>"[FILTERED]", "user"=>{"email"=>"baelewilliaam1999@gmail.com", "password"=>"[FILTERED]", "password_confirmation"=>"[FILTERED]"}, "commit"=>"Sign up"}
  [1m[36mTRANSACTION (0.1ms)[0m  [1m[35mBEGIN[0m
  [1m[36mUser Exists? (4.2ms)[0m  [1m[34mSELECT 1 AS one FROM "users" WHERE "users"."email" = $1 LIMIT $2[0m  [["email", "baelewilliaam1999@gmail.com"], ["LIMIT", 1]]
  [1m[36mUser Create (0.5ms)[0m  [1m[32mINSERT INTO "users" ("email", "encrypted_password", "reset_password_token", "reset_password_sent_at", "remember_created_at", "created_at", "updated_at") VALUES ($1, $2, $3, $4, $5, $6, $7) RETURNING "id"[0m  [["email", "baelewilliaam1999@gmail.com"], ["encrypted_password", "[FILTERED]"], ["reset_password_token", "[FILTERED]"], ["reset_password_sent_at", "[FILTERED]"], ["remember_created_at", nil], ["created_at", "2023-02-16 09:20:41.003080"], ["updated_at", "2023-02-16 09:20:41.003080"]]
  [1m[36mTRANSACTION (0.6ms)[0m  [1m[35mCOMMIT[0m
Redirected to 
Completed 500 Internal Server Error in 232ms (ActiveRecord: 5.4ms | Allocations: 11589)


  
NoMethodError (undefined method `user_url' for #<Devise::RegistrationsController:0x0000000001ff68>

              recipient.public_send(method, *args)
                       ^^^^^^^^^^^^):
  
actionpack (7.0.4.2) lib/action_dispatch/routing/polymorphic_routes.rb:231:in `public_send'
actionpack (7.0.4.2) lib/action_dispatch/routing/polymorphic_routes.rb:231:in `polymorphic_method'
actionpack (7.0.4.2) lib/action_dispatch/routing/polymorphic_routes.rb:116:in `polymorphic_url'
actionpack (7.0.4.2) lib/action_dispatch/routing/url_for.rb:187:in `full_url_for'
actionpack (7.0.4.2) lib/action_dispatch/routing/url_for.rb:170:in `url_for'
actionpack (7.0.4.2) lib/action_controller/metal/redirecting.rb:144:in `_compute_redirect_to_location'
actionpack (7.0.4.2) lib/action_controller/metal/redirecting.rb:89:in `redirect_to'
actionpack (7.0.4.2) lib/action_controller/metal/flash.rb:62:in `redirect_to'
actionpack (7.0.4.2) lib/action_controller/metal/instrumentation.rb:42:in `block in redirect_to'
activesupport (7.0.4.2) lib/active_support/notifications.rb:206:in `block in instrument'
activesupport (7.0.4.2) lib/active_support/notifications/instrumenter.rb:24:in `instrument'
activesupport (7.0.4.2) lib/active_support/notifications.rb:206:in `instrument'
actionpack (7.0.4.2) lib/action_controller/metal/instrumentation.rb:41:in `redirect_to'
responders (3.1.0) lib/action_controller/responder.rb:150:in `redirect_to'
responders (3.1.0) lib/action_controller/responder.rb:210:in `navigation_behavior'
responders (3.1.0) lib/action_controller/responder.rb:177:in `rescue in to_html'
responders (3.1.0) lib/action_controller/responder.rb:174:in `to_html'
responders (3.1.0) lib/action_controller/responder.rb:168:in `respond'
responders (3.1.0) lib/action_controller/responder.rb:161:in `call'
responders (3.1.0) lib/action_controller/respond_with.rb:216:in `respond_with'
devise (4.8.1) app/controllers/devise/registrations_controller.rb:25:in `create'
actionpack (7.0.4.2) lib/action_controller/metal/basic_implicit_render.rb:6:in `send_action'
actionpack (7.0.4.2) lib/abstract_controller/base.rb:215:in `process_action'
actionpack (7.0.4.2) lib/action_controller/metal/rendering.rb:53:in `process_action'
actionpack (7.0.4.2) lib/abstract_controller/callbacks.rb:234:in `block in process_action'
activesupport (7.0.4.2) lib/active_support/callbacks.rb:118:in `block in run_callbacks'
actiontext (7.0.4.2) lib/action_text/rendering.rb:20:in `with_renderer'
actiontext (7.0.4.2) lib/action_text/engine.rb:69:in `block (4 levels) in <class:Engine>'
activesupport (7.0.4.2) lib/active_support/callbacks.rb:127:in `instance_exec'
activesupport (7.0.4.2) lib/active_support/callbacks.rb:127:in `block in run_callbacks'
activesupport (7.0.4.2) lib/active_support/callbacks.rb:138:in `run_callbacks'
actionpack (7.0.4.2) lib/abstract_controller/callbacks.rb:233:in `process_action'
actionpack (7.0.4.2) lib/action_controller/metal/rescue.rb:22:in `process_action'
actionpack (7.0.4.2) lib/action_controller/metal/instrumentation.rb:67:in `block in process_action'
activesupport (7.0.4.2) lib/active_support/notifications.rb:206:in `block in instrument'
activesupport (7.0.4.2) lib/active_support/notifications/instrumenter.rb:24:in `instrument'
activesupport (7.0.4.2) lib/active_support/notifications.rb:206:in `instrument'
actionpack (7.0.4.2) lib/action_controller/metal/instrumentation.rb:66:in `process_action'
actionpack (7.0.4.2) lib/action_controller/metal/params_wrapper.rb:259:in `process_action'
activerecord (7.0.4.2) lib/active_record/railties/controller_runtime.rb:27:in `process_action'
actionpack (7.0.4.2) lib/abstract_controller/base.rb:151:in `process'
actionview (7.0.4.2) lib/action_view/rendering.rb:39:in `process'
actionpack (7.0.4.2) lib/action_controller/metal.rb:188:in `dispatch'
actionpack (7.0.4.2) lib/action_controller/metal.rb:251:in `dispatch'
actionpack (7.0.4.2) lib/action_dispatch/routing/route_set.rb:49:in `dispatch'
actionpack (7.0.4.2) lib/action_dispatch/routing/route_set.rb:32:in `serve'
actionpack (7.0.4.2) lib/action_dispatch/routing/mapper.rb:18:in `block in <class:Constraints>'
actionpack (7.0.4.2) lib/action_dispatch/routing/mapper.rb:48:in `serve'
actionpack (7.0.4.2) lib/action_dispatch/journey/router.rb:50:in `block in serve'
actionpack (7.0.4.2) lib/action_dispatch/journey/router.rb:32:in `each'
actionpack (7.0.4.2) lib/action_dispatch/journey/router.rb:32:in `serve'
actionpack (7.0.4.2) lib/action_dispatch/routing/route_set.rb:852:in `call'
warden (1.2.9) lib/warden/manager.rb:36:in `block in call'
warden (1.2.9) lib/warden/manager.rb:34:in `catch'
warden (1.2.9) lib/warden/manager.rb:34:in `call'
rack (2.2.6.2) lib/rack/tempfile_reaper.rb:15:in `call'
rack (2.2.6.2) lib/rack/etag.rb:27:in `call'
rack (2.2.6.2) lib/rack/conditional_get.rb:40:in `call'
rack (2.2.6.2) lib/rack/head.rb:12:in `call'
actionpack (7.0.4.2) lib/action_dispatch/http/permissions_policy.rb:38:in `call'
actionpack (7.0.4.2) lib/action_dispatch/http/content_security_policy.rb:36:in `call'
rack (2.2.6.2) lib/rack/session/abstract/id.rb:266:in `context'
rack (2.2.6.2) lib/rack/session/abstract/id.rb:260:in `call'
actionpack (7.0.4.2) lib/action_dispatch/middleware/cookies.rb:704:in `call'
activerecord (7.0.4.2) lib/active_record/migration.rb:603:in `call'
actionpack (7.0.4.2) lib/action_dispatch/middleware/callbacks.rb:27:in `block in call'
activesupport (7.0.4.2) lib/active_support/callbacks.rb:99:in `run_callbacks'
actionpack (7.0.4.2) lib/action_dispatch/middleware/callbacks.rb:26:in `call'
actionpack (7.0.4.2) lib/action_dispatch/middleware/executor.rb:14:in `call'
actionpack (7.0.4.2) lib/action_dispatch/middleware/actionable_exceptions.rb:17:in `call'
actionpack (7.0.4.2) lib/action_dispatch/middleware/debug_exceptions.rb:28:in `call'
web-console (4.2.0) lib/web_console/middleware.rb:132:in `call_app'
web-console (4.2.0) lib/web_console/middleware.rb:28:in `block in call'
web-console (4.2.0) lib/web_console/middleware.rb:17:in `catch'
web-console (4.2.0) lib/web_console/middleware.rb:17:in `call'
actionpack (7.0.4.2) lib/action_dispatch/middleware/show_exceptions.rb:26:in `call'
railties (7.0.4.2) lib/rails/rack/logger.rb:40:in `call_app'
railties (7.0.4.2) lib/rails/rack/logger.rb:25:in `block in call'
activesupport (7.0.4.2) lib/active_support/tagged_logging.rb:99:in `block in tagged'
activesupport (7.0.4.2) lib/active_support/tagged_logging.rb:37:in `tagged'
activesupport (7.0.4.2) lib/active_support/tagged_logging.rb:99:in `tagged'
railties (7.0.4.2) lib/rails/rack/logger.rb:25:in `call'
sprockets-rails (3.4.2) lib/sprockets/rails/quiet_assets.rb:13:in `call'
actionpack (7.0.4.2) lib/action_dispatch/middleware/remote_ip.rb:93:in `call'
actionpack (7.0.4.2) lib/action_dispatch/middleware/request_id.rb:26:in `call'
rack (2.2.6.2) lib/rack/method_override.rb:24:in `call'
rack (2.2.6.2) lib/rack/runtime.rb:22:in `call'
activesupport (7.0.4.2) lib/active_support/cache/strategy/local_cache_middleware.rb:29:in `call'
actionpack (7.0.4.2) lib/action_dispatch/middleware/server_timing.rb:61:in `block in call'
actionpack (7.0.4.2) lib/action_dispatch/middleware/server_timing.rb:26:in `collect_events'
actionpack (7.0.4.2) lib/action_dispatch/middleware/server_timing.rb:60:in `call'
actionpack (7.0.4.2) lib/action_dispatch/middleware/executor.rb:14:in `call'
actionpack (7.0.4.2) lib/action_dispatch/middleware/static.rb:23:in `call'
rack (2.2.6.2) lib/rack/sendfile.rb:110:in `call'
actionpack (7.0.4.2) lib/action_dispatch/middleware/host_authorization.rb:137:in `call'
railties (7.0.4.2) lib/rails/engine.rb:530:in `call'
puma (5.6.5) lib/puma/configuration.rb:252:in `call'
puma (5.6.5) lib/puma/request.rb:77:in `block in handle_request'
puma (5.6.5) lib/puma/thread_pool.rb:340:in `with_force_shutdown'
puma (5.6.5) lib/puma/request.rb:76:in `handle_request'
puma (5.6.5) lib/puma/server.rb:443:in `process_client'
puma (5.6.5) lib/puma/thread_pool.rb:147:in `block in spawn_thread'
Started GET "/" for ::1 at 2023-02-16 10:21:27 +0100
Processing by PagesController#index as HTML
  Rendering layout layouts/application.html.erb
  Rendering pages/index.html.erb within layouts/application
  Rendered shared/_hero.html.erb (Duration: 0.0ms | Allocations: 12)
  Rendered pages/index.html.erb within layouts/application (Duration: 1.0ms | Allocations: 494)
  Rendered shared/_navbar.html.erb (Duration: 0.0ms | Allocations: 9)
  Rendered layout layouts/application.html.erb (Duration: 10.5ms | Allocations: 2571)
Completed 200 OK in 12ms (Views: 11.3ms | ActiveRecord: 0.0ms | Allocations: 3165)


Started GET "/" for ::1 at 2023-02-16 10:21:27 +0100
Processing by PagesController#index as HTML
  Rendering layout layouts/application.html.erb
  Rendering pages/index.html.erb within layouts/application
  Rendered shared/_hero.html.erb (Duration: 0.0ms | Allocations: 9)
  Rendered pages/index.html.erb within layouts/application (Duration: 0.6ms | Allocations: 370)
  Rendered shared/_navbar.html.erb (Duration: 0.4ms | Allocations: 8)
  Rendered layout layouts/application.html.erb (Duration: 4.0ms | Allocations: 2219)
Completed 200 OK in 5ms (Views: 4.3ms | ActiveRecord: 0.0ms | Allocations: 2475)


Started GET "/users/sign_up" for ::1 at 2023-02-16 10:21:29 +0100
Processing by Devise::RegistrationsController#new as HTML
  Rendering layout layouts/application.html.erb
  Rendering /Users/test/.rbenv/versions/3.1.2/lib/ruby/gems/3.1.0/gems/devise-4.8.1/app/views/devise/registrations/new.html.erb within layouts/application
  Rendered /Users/test/.rbenv/versions/3.1.2/lib/ruby/gems/3.1.0/gems/devise-4.8.1/app/views/devise/shared/_error_messages.html.erb (Duration: 0.0ms | Allocations: 19)
  Rendered /Users/test/.rbenv/versions/3.1.2/lib/ruby/gems/3.1.0/gems/devise-4.8.1/app/views/devise/shared/_links.html.erb (Duration: 0.2ms | Allocations: 103)
  Rendered /Users/test/.rbenv/versions/3.1.2/lib/ruby/gems/3.1.0/gems/devise-4.8.1/app/views/devise/registrations/new.html.erb within layouts/application (Duration: 2.3ms | Allocations: 1460)
  Rendered shared/_navbar.html.erb (Duration: 0.0ms | Allocations: 9)
  Rendered layout layouts/application.html.erb (Duration: 5.1ms | Allocations: 3470)
Completed 200 OK in 14ms (Views: 6.0ms | ActiveRecord: 2.6ms | Allocations: 7021)


Started POST "/users" for ::1 at 2023-02-16 10:21:36 +0100
Processing by Devise::RegistrationsController#create as TURBO_STREAM
  Parameters: {"authenticity_token"=>"[FILTERED]", "user"=>{"email"=>"baelewilliam1999@gmail.com", "password"=>"[FILTERED]", "password_confirmation"=>"[FILTERED]"}, "commit"=>"Sign up"}
  [1m[36mTRANSACTION (0.1ms)[0m  [1m[35mBEGIN[0m
  [1m[36mUser Exists? (0.9ms)[0m  [1m[34mSELECT 1 AS one FROM "users" WHERE "users"."email" = $1 LIMIT $2[0m  [["email", "baelewilliam1999@gmail.com"], ["LIMIT", 1]]
  [1m[36mTRANSACTION (0.8ms)[0m  [1m[31mROLLBACK[0m
  Rendering layout layouts/application.html.erb
  Rendering /Users/test/.rbenv/versions/3.1.2/lib/ruby/gems/3.1.0/gems/devise-4.8.1/app/views/devise/registrations/new.html.erb within layouts/application
  Rendered /Users/test/.rbenv/versions/3.1.2/lib/ruby/gems/3.1.0/gems/devise-4.8.1/app/views/devise/shared/_error_messages.html.erb (Duration: 0.7ms | Allocations: 568)
  Rendered /Users/test/.rbenv/versions/3.1.2/lib/ruby/gems/3.1.0/gems/devise-4.8.1/app/views/devise/shared/_links.html.erb (Duration: 0.1ms | Allocations: 78)
  Rendered /Users/test/.rbenv/versions/3.1.2/lib/ruby/gems/3.1.0/gems/devise-4.8.1/app/views/devise/registrations/new.html.erb within layouts/application (Duration: 3.2ms | Allocations: 2328)
  Rendered shared/_navbar.html.erb (Duration: 0.0ms | Allocations: 8)
  Rendered layout layouts/application.html.erb (Duration: 5.7ms | Allocations: 4156)
Completed 200 OK in 221ms (Views: 6.0ms | ActiveRecord: 1.8ms | Allocations: 9623)


Started POST "/users" for ::1 at 2023-02-16 10:21:37 +0100
Processing by Devise::RegistrationsController#create as TURBO_STREAM
  Parameters: {"authenticity_token"=>"[FILTERED]", "user"=>{"email"=>"baelewilliam1999@gmail.com", "password"=>"[FILTERED]", "password_confirmation"=>"[FILTERED]"}, "commit"=>"Sign up"}
  [1m[36mTRANSACTION (0.1ms)[0m  [1m[35mBEGIN[0m
  [1m[36mUser Exists? (0.4ms)[0m  [1m[34mSELECT 1 AS one FROM "users" WHERE "users"."email" = $1 LIMIT $2[0m  [["email", "baelewilliam1999@gmail.com"], ["LIMIT", 1]]
  [1m[36mTRANSACTION (0.1ms)[0m  [1m[31mROLLBACK[0m
  Rendering layout layouts/application.html.erb
  Rendering /Users/test/.rbenv/versions/3.1.2/lib/ruby/gems/3.1.0/gems/devise-4.8.1/app/views/devise/registrations/new.html.erb within layouts/application
  Rendered /Users/test/.rbenv/versions/3.1.2/lib/ruby/gems/3.1.0/gems/devise-4.8.1/app/views/devise/shared/_error_messages.html.erb (Duration: 0.7ms | Allocations: 458)
  Rendered /Users/test/.rbenv/versions/3.1.2/lib/ruby/gems/3.1.0/gems/devise-4.8.1/app/views/devise/shared/_links.html.erb (Duration: 0.1ms | Allocations: 78)
  Rendered /Users/test/.rbenv/versions/3.1.2/lib/ruby/gems/3.1.0/gems/devise-4.8.1/app/views/devise/registrations/new.html.erb within layouts/application (Duration: 3.4ms | Allocations: 2206)
  Rendered shared/_navbar.html.erb (Duration: 0.0ms | Allocations: 8)
  Rendered layout layouts/application.html.erb (Duration: 6.1ms | Allocations: 4034)
Completed 200 OK in 230ms (Views: 6.5ms | ActiveRecord: 0.7ms | Allocations: 8847)


Started POST "/users" for ::1 at 2023-02-16 10:21:38 +0100
Processing by Devise::RegistrationsController#create as TURBO_STREAM
  Parameters: {"authenticity_token"=>"[FILTERED]", "user"=>{"email"=>"baelewilliam1999@gmail.com", "password"=>"[FILTERED]", "password_confirmation"=>"[FILTERED]"}, "commit"=>"Sign up"}
  [1m[36mTRANSACTION (0.1ms)[0m  [1m[35mBEGIN[0m
  [1m[36mUser Exists? (0.2ms)[0m  [1m[34mSELECT 1 AS one FROM "users" WHERE "users"."email" = $1 LIMIT $2[0m  [["email", "baelewilliam1999@gmail.com"], ["LIMIT", 1]]
  [1m[36mTRANSACTION (0.1ms)[0m  [1m[31mROLLBACK[0m
  Rendering layout layouts/application.html.erb
  Rendering /Users/test/.rbenv/versions/3.1.2/lib/ruby/gems/3.1.0/gems/devise-4.8.1/app/views/devise/registrations/new.html.erb within layouts/application
  Rendered /Users/test/.rbenv/versions/3.1.2/lib/ruby/gems/3.1.0/gems/devise-4.8.1/app/views/devise/shared/_error_messages.html.erb (Duration: 0.6ms | Allocations: 458)
  Rendered /Users/test/.rbenv/versions/3.1.2/lib/ruby/gems/3.1.0/gems/devise-4.8.1/app/views/devise/shared/_links.html.erb (Duration: 0.1ms | Allocations: 78)
  Rendered /Users/test/.rbenv/versions/3.1.2/lib/ruby/gems/3.1.0/gems/devise-4.8.1/app/views/devise/registrations/new.html.erb within layouts/application (Duration: 2.9ms | Allocations: 2206)
  Rendered shared/_navbar.html.erb (Duration: 0.0ms | Allocations: 8)
  Rendered layout layouts/application.html.erb (Duration: 10.1ms | Allocations: 4034)
Completed 200 OK in 228ms (Views: 10.4ms | ActiveRecord: 0.5ms | Allocations: 8834)


Started POST "/users" for ::1 at 2023-02-16 10:21:40 +0100
Processing by Devise::RegistrationsController#create as TURBO_STREAM
  Parameters: {"authenticity_token"=>"[FILTERED]", "user"=>{"email"=>"baelewilliam199a9@gmail.com", "password"=>"[FILTERED]", "password_confirmation"=>"[FILTERED]"}, "commit"=>"Sign up"}
  [1m[36mTRANSACTION (0.1ms)[0m  [1m[35mBEGIN[0m
  [1m[36mUser Exists? (0.3ms)[0m  [1m[34mSELECT 1 AS one FROM "users" WHERE "users"."email" = $1 LIMIT $2[0m  [["email", "baelewilliam199a9@gmail.com"], ["LIMIT", 1]]
  [1m[36mUser Create (0.2ms)[0m  [1m[32mINSERT INTO "users" ("email", "encrypted_password", "reset_password_token", "reset_password_sent_at", "remember_created_at", "created_at", "updated_at") VALUES ($1, $2, $3, $4, $5, $6, $7) RETURNING "id"[0m  [["email", "baelewilliam199a9@gmail.com"], ["encrypted_password", "[FILTERED]"], ["reset_password_token", "[FILTERED]"], ["reset_password_sent_at", "[FILTERED]"], ["remember_created_at", nil], ["created_at", "2023-02-16 09:21:41.151635"], ["updated_at", "2023-02-16 09:21:41.151635"]]
  [1m[36mTRANSACTION (4.4ms)[0m  [1m[35mCOMMIT[0m
Redirected to http://localhost:3000/users/3
Completed 302 Found in 227ms (ActiveRecord: 5.0ms | Allocations: 5669)


Started GET "/users/3" for ::1 at 2023-02-16 10:21:41 +0100
  
ActionController::RoutingError (uninitialized constant UsersController

      Object.const_get(camel_cased_word)
            ^^^^^^^^^^

            raise MissingController.new(error.message, error.name)
            ^^^^^):
  
Started GET "/users/sign_up" for ::1 at 2023-02-16 10:21:41 +0100
Processing by Devise::RegistrationsController#new as HTML
  [1m[36mUser Load (0.6ms)[0m  [1m[34mSELECT "users".* FROM "users" WHERE "users"."id" = $1 ORDER BY "users"."id" ASC LIMIT $2[0m  [["id", 3], ["LIMIT", 1]]
Redirected to http://localhost:3000/
Filter chain halted as :require_no_authentication rendered or redirected
Completed 302 Found in 5ms (ActiveRecord: 0.8ms | Allocations: 1854)


Started GET "/" for ::1 at 2023-02-16 10:21:41 +0100
Processing by PagesController#index as HTML
  Rendering layout layouts/application.html.erb
  Rendering pages/index.html.erb within layouts/application
  Rendered shared/_hero.html.erb (Duration: 0.0ms | Allocations: 9)
  [1m[36mUser Load (0.2ms)[0m  [1m[34mSELECT "users".* FROM "users" WHERE "users"."id" = $1 ORDER BY "users"."id" ASC LIMIT $2[0m  [["id", 3], ["LIMIT", 1]]
  ↳ app/views/pages/index.html.erb:2
  Rendered pages/index.html.erb within layouts/application (Duration: 2.1ms | Allocations: 1061)
  Rendered shared/_navbar.html.erb (Duration: 0.1ms | Allocations: 8)
  Rendered layout layouts/application.html.erb (Duration: 4.5ms | Allocations: 2918)
Completed 200 OK in 6ms (Views: 5.1ms | ActiveRecord: 0.2ms | Allocations: 3158)


  [1m[36mUser Load (0.9ms)[0m  [1m[34mSELECT "users".* FROM "users"[0m
Started GET "/" for ::1 at 2023-02-16 10:22:25 +0100
Processing by PagesController#index as HTML
  Rendering layout layouts/application.html.erb
  Rendering pages/index.html.erb within layouts/application
  Rendered shared/_hero.html.erb (Duration: 1.1ms | Allocations: 127)
  [1m[36mUser Load (0.3ms)[0m  [1m[34mSELECT "users".* FROM "users" WHERE "users"."id" = $1 ORDER BY "users"."id" ASC LIMIT $2[0m  [["id", 3], ["LIMIT", 1]]
  ↳ app/views/pages/index.html.erb:2
  Rendered pages/index.html.erb within layouts/application (Duration: 5.8ms | Allocations: 1618)
  Rendered shared/_navbar.html.erb (Duration: 1.5ms | Allocations: 170)
  Rendered layout layouts/application.html.erb (Duration: 12.9ms | Allocations: 4081)
Completed 200 OK in 16ms (Views: 14.7ms | ActiveRecord: 0.3ms | Allocations: 4860)


Started GET "/" for ::1 at 2023-02-16 10:26:10 +0100
Processing by PagesController#index as HTML
  Rendering layout layouts/application.html.erb
  Rendering pages/index.html.erb within layouts/application
  Rendered shared/_hero.html.erb (Duration: 0.7ms | Allocations: 127)
  [1m[36mUser Load (0.3ms)[0m  [1m[34mSELECT "users".* FROM "users" WHERE "users"."id" = $1 ORDER BY "users"."id" ASC LIMIT $2[0m  [["id", 3], ["LIMIT", 1]]
  ↳ app/views/pages/index.html.erb:2
  Rendered pages/index.html.erb within layouts/application (Duration: 11.5ms | Allocations: 4188)
  Rendered shared/_navbar.html.erb (Duration: 0.6ms | Allocations: 173)
  Rendered layout layouts/application.html.erb (Duration: 27.6ms | Allocations: 8521)
Completed 500 Internal Server Error in 30ms (ActiveRecord: 3.3ms | Allocations: 9414)


  
ActionView::Template::Error (Missing partial shared/_flash with {:locale=>[:en], :formats=>[:html], :variants=>[], :handlers=>[:raw, :erb, :html, :builder, :ruby, :jbuilder]}.

Searched in:
  * "/Users/test/Desktop/Dev/quizgame/app/views"
  * "/Users/test/.rbenv/versions/3.1.2/lib/ruby/gems/3.1.0/gems/devise-4.8.1/app/views"
  * "/Users/test/.rbenv/versions/3.1.2/lib/ruby/gems/3.1.0/gems/actiontext-7.0.4.2/app/views"
  * "/Users/test/.rbenv/versions/3.1.2/lib/ruby/gems/3.1.0/gems/actionmailbox-7.0.4.2/app/views"
):
    12:   </head>
    13:   <%= render "shared/navbar" %>
    14:   <body>
    15:     <%= render 'shared/flash'%>
    16:     <%= yield %>
    17:   </body>
    18: </html>
  
app/views/layouts/application.html.erb:15
Started GET "/" for ::1 at 2023-02-16 10:26:22 +0100
Processing by PagesController#index as HTML
  Rendering layout layouts/application.html.erb
  Rendering pages/index.html.erb within layouts/application
  Rendered shared/_hero.html.erb (Duration: 1.1ms | Allocations: 127)
  [1m[36mUser Load (0.2ms)[0m  [1m[34mSELECT "users".* FROM "users" WHERE "users"."id" = $1 ORDER BY "users"."id" ASC LIMIT $2[0m  [["id", 3], ["LIMIT", 1]]
  ↳ app/views/pages/index.html.erb:2
  Rendered pages/index.html.erb within layouts/application (Duration: 5.4ms | Allocations: 1612)
  Rendered shared/_navbar.html.erb (Duration: 0.7ms | Allocations: 170)
  Rendered layout layouts/application.html.erb (Duration: 19.7ms | Allocations: 5956)
Completed 500 Internal Server Error in 23ms (ActiveRecord: 0.2ms | Allocations: 6722)


  
ActionView::Template::Error (Missing partial shared/_flash with {:locale=>[:en], :formats=>[:html], :variants=>[], :handlers=>[:raw, :erb, :html, :builder, :ruby, :jbuilder]}.

Searched in:
  * "/Users/test/Desktop/Dev/quizgame/app/views"
  * "/Users/test/.rbenv/versions/3.1.2/lib/ruby/gems/3.1.0/gems/devise-4.8.1/app/views"
  * "/Users/test/.rbenv/versions/3.1.2/lib/ruby/gems/3.1.0/gems/actiontext-7.0.4.2/app/views"
  * "/Users/test/.rbenv/versions/3.1.2/lib/ruby/gems/3.1.0/gems/actionmailbox-7.0.4.2/app/views"
):
    12:   </head>
    13:   <%= render "shared/navbar" %>
    14:   <body>
    15:     <%= render 'shared/flash'%>
    16:     <%= yield %>
    17:   </body>
    18: </html>
  
app/views/layouts/application.html.erb:15
Started GET "/" for ::1 at 2023-02-16 10:26:32 +0100
Processing by PagesController#index as HTML
  Rendering layout layouts/application.html.erb
  Rendering pages/index.html.erb within layouts/application
  Rendered shared/_hero.html.erb (Duration: 0.7ms | Allocations: 127)
  [1m[36mUser Load (1.7ms)[0m  [1m[34mSELECT "users".* FROM "users" WHERE "users"."id" = $1 ORDER BY "users"."id" ASC LIMIT $2[0m  [["id", 3], ["LIMIT", 1]]
  ↳ app/views/pages/index.html.erb:2
  Rendered pages/index.html.erb within layouts/application (Duration: 20.3ms | Allocations: 1612)
  Rendered shared/_navbar.html.erb (Duration: 2.1ms | Allocations: 170)
  Rendered shared/_flash.html.erb (Duration: 0.7ms | Allocations: 285)
  Rendered layout layouts/application.html.erb (Duration: 36.0ms | Allocations: 4496)
Completed 200 OK in 39ms (Views: 36.7ms | ActiveRecord: 1.7ms | Allocations: 5303)


Started GET "/" for ::1 at 2023-02-16 10:27:13 +0100
Processing by PagesController#index as HTML
  Rendering layout layouts/application.html.erb
  Rendering pages/index.html.erb within layouts/application
  Rendered shared/_hero.html.erb (Duration: 0.7ms | Allocations: 127)
  [1m[36mUser Load (0.2ms)[0m  [1m[34mSELECT "users".* FROM "users" WHERE "users"."id" = $1 ORDER BY "users"."id" ASC LIMIT $2[0m  [["id", 3], ["LIMIT", 1]]
  ↳ app/views/pages/index.html.erb:2
  Rendered pages/index.html.erb within layouts/application (Duration: 4.9ms | Allocations: 1656)
  Rendered shared/_navbar.html.erb (Duration: 0.9ms | Allocations: 170)
  Rendered shared/_flash.html.erb (Duration: 0.9ms | Allocations: 269)
  Rendered layout layouts/application.html.erb (Duration: 15.5ms | Allocations: 4515)
Completed 200 OK in 19ms (Views: 17.0ms | ActiveRecord: 0.2ms | Allocations: 5317)


Started GET "/users/sign_out" for ::1 at 2023-02-16 10:27:15 +0100
  
ActionController::RoutingError (uninitialized constant UsersController

      Object.const_get(camel_cased_word)
            ^^^^^^^^^^

            raise MissingController.new(error.message, error.name)
            ^^^^^):
  
Started GET "/users/sign_out" for ::1 at 2023-02-16 10:27:18 +0100
  
ActionController::RoutingError (uninitialized constant UsersController

      Object.const_get(camel_cased_word)
            ^^^^^^^^^^

            raise MissingController.new(error.message, error.name)
            ^^^^^):
  
Started GET "/" for ::1 at 2023-02-16 10:27:22 +0100
Processing by PagesController#index as HTML
  Rendering layout layouts/application.html.erb
  Rendering pages/index.html.erb within layouts/application
  Rendered shared/_hero.html.erb (Duration: 0.0ms | Allocations: 9)
  [1m[36mUser Load (0.2ms)[0m  [1m[34mSELECT "users".* FROM "users" WHERE "users"."id" = $1 ORDER BY "users"."id" ASC LIMIT $2[0m  [["id", 3], ["LIMIT", 1]]
  ↳ app/views/pages/index.html.erb:2
  Rendered pages/index.html.erb within layouts/application (Duration: 2.2ms | Allocations: 1056)
  Rendered shared/_navbar.html.erb (Duration: 0.0ms | Allocations: 8)
  Rendered shared/_flash.html.erb (Duration: 0.0ms | Allocations: 27)
  Rendered layout layouts/application.html.erb (Duration: 7.0ms | Allocations: 2997)
Completed 200 OK in 8ms (Views: 7.2ms | ActiveRecord: 0.2ms | Allocations: 3254)


Started GET "/users/sign_out" for ::1 at 2023-02-16 10:27:24 +0100
  
ActionController::RoutingError (uninitialized constant UsersController

      Object.const_get(camel_cased_word)
            ^^^^^^^^^^

            raise MissingController.new(error.message, error.name)
            ^^^^^):
  
Started GET "/users/sign_out" for ::1 at 2023-02-16 10:28:25 +0100
  
ActionController::RoutingError (uninitialized constant UsersController

      Object.const_get(camel_cased_word)
            ^^^^^^^^^^

            raise MissingController.new(error.message, error.name)
            ^^^^^):
  
Started GET "/" for ::1 at 2023-02-16 10:28:27 +0100
Processing by PagesController#index as HTML
  Rendering layout layouts/application.html.erb
  Rendering pages/index.html.erb within layouts/application
  Rendered shared/_hero.html.erb (Duration: 0.8ms | Allocations: 127)
  [1m[36mUser Load (0.2ms)[0m  [1m[34mSELECT "users".* FROM "users" WHERE "users"."id" = $1 ORDER BY "users"."id" ASC LIMIT $2[0m  [["id", 3], ["LIMIT", 1]]
  ↳ app/views/pages/index.html.erb:2
  Rendered pages/index.html.erb within layouts/application (Duration: 20.2ms | Allocations: 1757)
  Rendered shared/_navbar.html.erb (Duration: 0.7ms | Allocations: 172)
  Rendered shared/_flash.html.erb (Duration: 1.3ms | Allocations: 270)
  Rendered layout layouts/application.html.erb (Duration: 41.6ms | Allocations: 4609)
Completed 200 OK in 48ms (Views: 47.4ms | ActiveRecord: 0.2ms | Allocations: 5346)


Started DELETE "/users/sign_out" for ::1 at 2023-02-16 10:28:29 +0100
Processing by Devise::SessionsController#destroy as TURBO_STREAM
  [1m[36mUser Load (0.1ms)[0m  [1m[34mSELECT "users".* FROM "users" WHERE "users"."id" = $1 ORDER BY "users"."id" ASC LIMIT $2[0m  [["id", 3], ["LIMIT", 1]]
Redirected to http://localhost:3000/
Completed 302 Found in 9ms (ActiveRecord: 0.1ms | Allocations: 2943)


Started GET "/" for ::1 at 2023-02-16 10:28:29 +0100
Processing by PagesController#index as TURBO_STREAM
  Rendering layout layouts/application.html.erb
  Rendering pages/index.html.erb within layouts/application
  Rendered shared/_hero.html.erb (Duration: 0.0ms | Allocations: 10)
  Rendered pages/index.html.erb within layouts/application (Duration: 0.6ms | Allocations: 499)
  Rendered shared/_navbar.html.erb (Duration: 0.0ms | Allocations: 8)
  Rendered shared/_flash.html.erb (Duration: 0.0ms | Allocations: 31)
  Rendered layout layouts/application.html.erb (Duration: 3.5ms | Allocations: 2557)
Completed 200 OK in 4ms (Views: 3.8ms | ActiveRecord: 0.0ms | Allocations: 2888)


Started DELETE "/users/sign_out" for ::1 at 2023-02-16 10:28:31 +0100
Processing by Devise::SessionsController#destroy as TURBO_STREAM
Redirected to http://localhost:3000/
Filter chain halted as :verify_signed_out_user rendered or redirected
Completed 302 Found in 1ms (ActiveRecord: 0.0ms | Allocations: 360)


Started GET "/" for ::1 at 2023-02-16 10:28:31 +0100
Processing by PagesController#index as TURBO_STREAM
  Rendering layout layouts/application.html.erb
  Rendering pages/index.html.erb within layouts/application
  Rendered shared/_hero.html.erb (Duration: 0.0ms | Allocations: 9)
  Rendered pages/index.html.erb within layouts/application (Duration: 0.5ms | Allocations: 360)
  Rendered shared/_navbar.html.erb (Duration: 0.0ms | Allocations: 8)
  Rendered shared/_flash.html.erb (Duration: 0.0ms | Allocations: 27)
  Rendered layout layouts/application.html.erb (Duration: 3.5ms | Allocations: 2292)
Completed 200 OK in 4ms (Views: 3.8ms | ActiveRecord: 0.0ms | Allocations: 2536)


Started GET "/" for ::1 at 2023-02-16 10:28:38 +0100
Processing by PagesController#index as HTML
  Rendering layout layouts/application.html.erb
  Rendering pages/index.html.erb within layouts/application
  Rendered shared/_hero.html.erb (Duration: 0.3ms | Allocations: 127)
  Rendered pages/index.html.erb within layouts/application (Duration: 1.7ms | Allocations: 753)
  Rendered shared/_navbar.html.erb (Duration: 0.3ms | Allocations: 170)
  Rendered shared/_flash.html.erb (Duration: 0.3ms | Allocations: 270)
  Rendered layout layouts/application.html.erb (Duration: 5.8ms | Allocations: 3618)
Completed 200 OK in 8ms (Views: 7.3ms | ActiveRecord: 0.0ms | Allocations: 4428)


Started GET "/" for ::1 at 2023-02-16 10:28:42 +0100
Processing by PagesController#index as HTML
  Rendering layout layouts/application.html.erb
  Rendering pages/index.html.erb within layouts/application
  Rendered shared/_hero.html.erb (Duration: 0.0ms | Allocations: 9)
  Rendered pages/index.html.erb within layouts/application (Duration: 0.5ms | Allocations: 313)
  Rendered shared/_navbar.html.erb (Duration: 0.0ms | Allocations: 8)
  Rendered shared/_flash.html.erb (Duration: 0.0ms | Allocations: 27)
  Rendered layout layouts/application.html.erb (Duration: 3.2ms | Allocations: 2246)
Completed 200 OK in 4ms (Views: 3.5ms | ActiveRecord: 0.0ms | Allocations: 2505)


Started GET "/" for ::1 at 2023-02-16 10:28:58 +0100
Processing by PagesController#index as HTML
  Rendering layout layouts/application.html.erb
  Rendering pages/index.html.erb within layouts/application
  Rendered shared/_hero.html.erb (Duration: 0.4ms | Allocations: 127)
  Rendered pages/index.html.erb within layouts/application (Duration: 2.2ms | Allocations: 741)
  Rendered shared/_navbar.html.erb (Duration: 0.7ms | Allocations: 171)
  Rendered shared/_flash.html.erb (Duration: 0.6ms | Allocations: 270)
  Rendered layout layouts/application.html.erb (Duration: 8.3ms | Allocations: 3607)
Completed 200 OK in 11ms (Views: 10.6ms | ActiveRecord: 0.0ms | Allocations: 4400)


Started GET "/users/sign_in" for ::1 at 2023-02-16 10:28:59 +0100
Processing by Devise::SessionsController#new as HTML
  Rendering layout layouts/application.html.erb
  Rendering /Users/test/.rbenv/versions/3.1.2/lib/ruby/gems/3.1.0/gems/devise-4.8.1/app/views/devise/sessions/new.html.erb within layouts/application
  Rendered /Users/test/.rbenv/versions/3.1.2/lib/ruby/gems/3.1.0/gems/devise-4.8.1/app/views/devise/shared/_links.html.erb (Duration: 7.2ms | Allocations: 656)
  Rendered /Users/test/.rbenv/versions/3.1.2/lib/ruby/gems/3.1.0/gems/devise-4.8.1/app/views/devise/sessions/new.html.erb within layouts/application (Duration: 25.4ms | Allocations: 2880)
  Rendered shared/_navbar.html.erb (Duration: 1.2ms | Allocations: 9)
  Rendered shared/_flash.html.erb (Duration: 0.1ms | Allocations: 36)
  Rendered layout layouts/application.html.erb (Duration: 29.6ms | Allocations: 4969)
Completed 200 OK in 33ms (Views: 31.9ms | ActiveRecord: 0.0ms | Allocations: 6197)


Started POST "/users/sign_in" for ::1 at 2023-02-16 10:29:05 +0100
Processing by Devise::SessionsController#create as TURBO_STREAM
  Parameters: {"authenticity_token"=>"[FILTERED]", "user"=>{"email"=>"baelewilliam199a9@gmail.com", "password"=>"[FILTERED]", "remember_me"=>"0"}, "commit"=>"Log in"}
  [1m[36mUser Load (0.6ms)[0m  [1m[34mSELECT "users".* FROM "users" WHERE "users"."email" = $1 ORDER BY "users"."id" ASC LIMIT $2[0m  [["email", "baelewilliam199a9@gmail.com"], ["LIMIT", 1]]
Redirected to http://localhost:3000/
Completed 302 Found in 237ms (ActiveRecord: 0.6ms | Allocations: 6074)


Started GET "/" for ::1 at 2023-02-16 10:29:05 +0100
Processing by PagesController#index as TURBO_STREAM
  Rendering layout layouts/application.html.erb
  Rendering pages/index.html.erb within layouts/application
  Rendered shared/_hero.html.erb (Duration: 0.0ms | Allocations: 10)
  [1m[36mUser Load (0.1ms)[0m  [1m[34mSELECT "users".* FROM "users" WHERE "users"."id" = $1 ORDER BY "users"."id" ASC LIMIT $2[0m  [["id", 3], ["LIMIT", 1]]
  ↳ app/views/pages/index.html.erb:2
  Rendered pages/index.html.erb within layouts/application (Duration: 1.9ms | Allocations: 1258)
  Rendered shared/_navbar.html.erb (Duration: 0.0ms | Allocations: 8)
  Rendered shared/_flash.html.erb (Duration: 0.1ms | Allocations: 32)
  Rendered layout layouts/application.html.erb (Duration: 4.8ms | Allocations: 3309)
Completed 200 OK in 7ms (Views: 5.1ms | ActiveRecord: 0.1ms | Allocations: 3617)


